Using pre-set license
Built from '2020.3/staging' branch; Version is '2020.3.9f1 (108be757e447) revision 1084391'; Using compiler version '192528614'; Build Type 'Release'
OS: 'Windows 10 Pro; OS build 19041.985; Version 2004; 64bit' Language: 'zh' Physical Memory: 32678 MB
BatchMode: 1, IsHumanControllingUs: 0, StartBugReporterOnCrash: 0, Is64bit: 1, IsPro: 0

 COMMAND LINE ARGUMENTS:
C:\Program Files\Unity\2020.3.9f1\Editor\Unity.exe
-adb2
-batchMode
-noUpm
-name
AssetImportWorker0
-projectPath
D:/UnityProject/JuniorProgrammer/Prototype 4
-logFile
Logs/AssetImportWorker0.log
-srvPort
63198
Successfully changed project path to: D:/UnityProject/JuniorProgrammer/Prototype 4
D:/UnityProject/JuniorProgrammer/Prototype 4
Using Asset Import Pipeline V2.
Refreshing native plugins compatible for Editor in 18.95 ms, found 0 plugins.
Preloading 0 native plugins for Editor in 0.00 ms.
Initialize engine version: 2020.3.9f1 (108be757e447)
[Subsystems] Discovering subsystems at path C:/Program Files/Unity/2020.3.9f1/Editor/Data/Resources/UnitySubsystems
[Subsystems] Discovering subsystems at path D:/UnityProject/JuniorProgrammer/Prototype 4/Assets
GfxDevice: creating device client; threaded=0
Direct3D:
    Version:  Direct3D 11.0 [level 11.1]
    Renderer: NVIDIA GeForce RTX 2080 SUPER (ID=0x1e81)
    Vendor:   
    VRAM:     8010 MB
    Driver:   27.21.14.6172
Initialize mono
Mono path[0] = 'C:/Program Files/Unity/2020.3.9f1/Editor/Data/Managed'
Mono path[1] = 'C:/Program Files/Unity/2020.3.9f1/Editor/Data/MonoBleedingEdge/lib/mono/unityjit'
Mono config path = 'C:/Program Files/Unity/2020.3.9f1/Editor/Data/MonoBleedingEdge/etc'
Using monoOptions --debugger-agent=transport=dt_socket,embedding=1,server=y,suspend=n,address=127.0.0.1:56608
Begin MonoManager ReloadAssembly
Registering precompiled unity dll's ...
Register platform support module: C:/Program Files/Unity/2020.3.9f1/Editor/Data/PlaybackEngines/WebGLSupport/UnityEditor.WebGL.Extensions.dll
Register platform support module: C:/Program Files/Unity/2020.3.9f1/Editor/Data/PlaybackEngines/WindowsStandaloneSupport/UnityEditor.WindowsStandalone.Extensions.dll
Registered in 0.001783 seconds.
Native extension for WindowsStandalone target not found
Native extension for WebGL target not found
Refreshing native plugins compatible for Editor in 19.46 ms, found 0 plugins.
Preloading 0 native plugins for Editor in 0.00 ms.
Mono: successfully reloaded assembly
- Completed reload, in  0.848 seconds
Platform modules already initialized, skipping
Registering precompiled user dll's ...
Registered in 0.000573 seconds.
Begin MonoManager ReloadAssembly
Native extension for WindowsStandalone target not found
Native extension for WebGL target not found
Refreshing native plugins compatible for Editor in 0.23 ms, found 0 plugins.
Preloading 0 native plugins for Editor in 0.00 ms.
Mono: successfully reloaded assembly
- Completed reload, in  0.640 seconds
Platform modules already initialized, skipping
========================================================================
Worker process is ready to serve import requests
Launched and connected shader compiler UnityShaderCompiler.exe after 0.03 seconds
Refreshing native plugins compatible for Editor in 0.23 ms, found 0 plugins.
Preloading 0 native plugins for Editor in 0.00 ms.
Unloading 1119 Unused Serialized files (Serialized files now loaded: 0)
System memory in use before: 60.2 MB.
System memory in use after: 60.2 MB.

Unloading 10 unused Assets to reduce memory usage. Loaded Objects now: 1565.
Total: 1.713600 ms (FindLiveObjects: 0.147000 ms CreateObjectMapping: 0.024600 ms MarkObjects: 1.468500 ms  DeleteObjects: 0.072300 ms)

========================================================================
Received Import Request.
  path: Assets/Prefabs/Enemy.prefab
  artifactKey: Guid(ea22acb4d3432b24cb23a41ec30f8c0b) Importer(815301076,1909f56bfc062723c751e8b465ee728b)
Start importing Assets/Prefabs/Enemy.prefab using Guid(ea22acb4d3432b24cb23a41ec30f8c0b) Importer(815301076,1909f56bfc062723c751e8b465ee728b)  -> (artifact id: '36fdd848b8a6e9eb4554a4fe93201f01') in 0.078623 seconds
  Import took 0.080348 seconds .

========================================================================
Received Import Request.
  Time since last request: 34.574055 seconds.
  path: Assets/Physics Materials/Bouncy.physicMaterial
  artifactKey: Guid(8c40c8c323fc11e47ace88df78857d49) Importer(815301076,1909f56bfc062723c751e8b465ee728b)
Start importing Assets/Physics Materials/Bouncy.physicMaterial using Guid(8c40c8c323fc11e47ace88df78857d49) Importer(815301076,1909f56bfc062723c751e8b465ee728b)  -> (artifact id: '0534cbe08a6153e7273c88f69c2b577f') in 0.014796 seconds
  Import took 0.016844 seconds .

========================================================================
Received Import Request.
  Time since last request: 74.592056 seconds.
  path: Assets/Course Library/_Source_Files/Materials/FX_Mist.prefab
  artifactKey: Guid(3fd5555088952419ebf0eb82e9096fa5) Importer(815301076,1909f56bfc062723c751e8b465ee728b)
Start importing Assets/Course Library/_Source_Files/Materials/FX_Mist.prefab using Guid(3fd5555088952419ebf0eb82e9096fa5) Importer(815301076,1909f56bfc062723c751e8b465ee728b)  -> (artifact id: 'da730ceeb6bd38e2171f98ab858100d9') in 0.008538 seconds
  Import took 0.010368 seconds .

========================================================================
Received Import Request.
  Time since last request: 0.000833 seconds.
  path: Assets/Course Library/_Source_Files/Materials/FX_Mist.prefab
  artifactKey: Guid(3fd5555088952419ebf0eb82e9096fa5) Importer(815301076,1909f56bfc062723c751e8b465ee728b)
Start importing Assets/Course Library/_Source_Files/Materials/FX_Mist.prefab using Guid(3fd5555088952419ebf0eb82e9096fa5) Importer(815301076,1909f56bfc062723c751e8b465ee728b)  -> (artifact id: 'da730ceeb6bd38e2171f98ab858100d9') in 0.002559 seconds
  Import took 0.004404 seconds .

========================================================================
Received Import Request.
  Time since last request: 3.707364 seconds.
  path: Assets/Course Library/_Source_Files/FBX/SI_PowerIcon.fbx
  artifactKey: Guid(44cb397c8b73c2f40bfa05c2199ffa2b) Importer(815301076,1909f56bfc062723c751e8b465ee728b)
Start importing Assets/Course Library/_Source_Files/FBX/SI_PowerIcon.fbx using Guid(44cb397c8b73c2f40bfa05c2199ffa2b) Importer(815301076,1909f56bfc062723c751e8b465ee728b)  -> (artifact id: '0494d6023290a102e998e111da0d2d9e') in 0.057668 seconds
  Import took 0.074450 seconds .

========================================================================
Received Import Request.
  Time since last request: 0.973295 seconds.
  path: Assets/Course Library/_Source_Files/FBX/SI_Symbol_Dollar.fbx
  artifactKey: Guid(513d5f56c48761f4f9782bfff612af87) Importer(815301076,1909f56bfc062723c751e8b465ee728b)
Start importing Assets/Course Library/_Source_Files/FBX/SI_Symbol_Dollar.fbx using Guid(513d5f56c48761f4f9782bfff612af87) Importer(815301076,1909f56bfc062723c751e8b465ee728b)  -> (artifact id: '269e8534a0375505714a65ea2eb8b4ca') in 0.010953 seconds
  Import took 0.012807 seconds .

========================================================================
Received Import Request.
  Time since last request: 0.000276 seconds.
  path: Assets/Course Library/_Source_Files/FBX/SI_Symbol_Dollar.fbx
  artifactKey: Guid(513d5f56c48761f4f9782bfff612af87) Importer(815301076,1909f56bfc062723c751e8b465ee728b)
Start importing Assets/Course Library/_Source_Files/FBX/SI_Symbol_Dollar.fbx using Guid(513d5f56c48761f4f9782bfff612af87) Importer(815301076,1909f56bfc062723c751e8b465ee728b)  -> (artifact id: '269e8534a0375505714a65ea2eb8b4ca') in 0.007000 seconds
  Import took 0.008769 seconds .

========================================================================
Received Import Request.
  Time since last request: 1.859093 seconds.
  path: Assets/Course Library/_Source_Files/FBX/SI_RadiationIcon.fbx
  artifactKey: Guid(658d96199cc7d3b4880fa76714523436) Importer(815301076,1909f56bfc062723c751e8b465ee728b)
Start importing Assets/Course Library/_Source_Files/FBX/SI_RadiationIcon.fbx using Guid(658d96199cc7d3b4880fa76714523436) Importer(815301076,1909f56bfc062723c751e8b465ee728b)  -> (artifact id: '6164777c3e01c09db35d09533c630737') in 0.011308 seconds
  Import took 0.013194 seconds .

========================================================================
Received Import Request.
  Time since last request: 0.693097 seconds.
  path: Assets/Course Library/_Source_Files/FBX/SM_Icon_Balloon_01.fbx
  artifactKey: Guid(2b1600b8b48e3ac4c87e5d81a4153ab7) Importer(815301076,1909f56bfc062723c751e8b465ee728b)
Start importing Assets/Course Library/_Source_Files/FBX/SM_Icon_Balloon_01.fbx using Guid(2b1600b8b48e3ac4c87e5d81a4153ab7) Importer(815301076,1909f56bfc062723c751e8b465ee728b)  -> (artifact id: '676a2df37744e2a59921719c577efd10') in 0.011817 seconds
  Import took 0.013704 seconds .

========================================================================
Received Import Request.
  Time since last request: 0.786560 seconds.
  path: Assets/Course Library/_Source_Files/FBX/SM_Icon_SelectionRing_02.fbx
  artifactKey: Guid(f53a62680c316ef41be1a025e7add452) Importer(815301076,1909f56bfc062723c751e8b465ee728b)
Start importing Assets/Course Library/_Source_Files/FBX/SM_Icon_SelectionRing_02.fbx using Guid(f53a62680c316ef41be1a025e7add452) Importer(815301076,1909f56bfc062723c751e8b465ee728b)  -> (artifact id: 'da0dd299765881c9b3b1ff785dcc7716') in 0.012661 seconds
  Import took 0.014494 seconds .

========================================================================
Received Import Request.
  Time since last request: 9.093621 seconds.
  path: Assets/Course Library/_Source_Files/FBX/SI_FireIcon.fbx
  artifactKey: Guid(31e6dd0b1a83d2545a63dfc9ef21c42f) Importer(815301076,1909f56bfc062723c751e8b465ee728b)
Start importing Assets/Course Library/_Source_Files/FBX/SI_FireIcon.fbx using Guid(31e6dd0b1a83d2545a63dfc9ef21c42f) Importer(815301076,1909f56bfc062723c751e8b465ee728b)  -> (artifact id: '8567dbae555cac036fdd87686e4cc3cc') in 0.025611 seconds
  Import took 0.027487 seconds .

========================================================================
Received Import Request.
  Time since last request: 0.000160 seconds.
  path: Assets/Course Library/_Source_Files/FBX/SM_Icon_SelectionRing_06.fbx
  artifactKey: Guid(3d6b592f14dafe34c86b57060d33f7d2) Importer(815301076,1909f56bfc062723c751e8b465ee728b)
Start importing Assets/Course Library/_Source_Files/FBX/SM_Icon_SelectionRing_06.fbx using Guid(3d6b592f14dafe34c86b57060d33f7d2) Importer(815301076,1909f56bfc062723c751e8b465ee728b)  -> (artifact id: '8a0256ac000dab63858eec032471037d') in 0.015544 seconds
  Import took 0.017208 seconds .

========================================================================
Received Import Request.
  Time since last request: 0.000169 seconds.
  path: Assets/Course Library/_Source_Files/FBX/SI_RepairIcon.fbx
  artifactKey: Guid(a23ff2708d9482e42b37fcc0c30dde67) Importer(815301076,1909f56bfc062723c751e8b465ee728b)
Start importing Assets/Course Library/_Source_Files/FBX/SI_RepairIcon.fbx using Guid(a23ff2708d9482e42b37fcc0c30dde67) Importer(815301076,1909f56bfc062723c751e8b465ee728b)  -> (artifact id: 'd6ff8a4d394a297adf992971e048ff25') in 0.015903 seconds
  Import took 0.017779 seconds .

========================================================================
Received Import Request.
  Time since last request: 0.000169 seconds.
  path: Assets/Course Library/_Source_Files/FBX/SkyDome.fbx
  artifactKey: Guid(1340630fb7a3267499177be33f281f05) Importer(815301076,1909f56bfc062723c751e8b465ee728b)
Start importing Assets/Course Library/_Source_Files/FBX/SkyDome.fbx using Guid(1340630fb7a3267499177be33f281f05) Importer(815301076,1909f56bfc062723c751e8b465ee728b)  -> (artifact id: '78144e920e24cbc3d14fa146fbcb0270') in 0.024987 seconds
  Import took 0.026738 seconds .

========================================================================
Received Import Request.
  Time since last request: 0.000189 seconds.
  path: Assets/Course Library/_Source_Files/FBX/SI_MultiplierIcon.fbx
  artifactKey: Guid(7b2e43c7f0b75f54789417d03a4eb3cb) Importer(815301076,1909f56bfc062723c751e8b465ee728b)
Start importing Assets/Course Library/_Source_Files/FBX/SI_MultiplierIcon.fbx using Guid(7b2e43c7f0b75f54789417d03a4eb3cb) Importer(815301076,1909f56bfc062723c751e8b465ee728b)  -> (artifact id: 'fc39fa98ea05497b49b0a91c83c49770') in 0.014389 seconds
  Import took 0.015961 seconds .

========================================================================
Received Import Request.
  Time since last request: 0.000170 seconds.
  path: Assets/Course Library/_Source_Files/FBX/SM_Icon_Gem_01.fbx
  artifactKey: Guid(c8e9a715daac24048a124a1f8e3487fa) Importer(815301076,1909f56bfc062723c751e8b465ee728b)
Start importing Assets/Course Library/_Source_Files/FBX/SM_Icon_Gem_01.fbx using Guid(c8e9a715daac24048a124a1f8e3487fa) Importer(815301076,1909f56bfc062723c751e8b465ee728b)  -> (artifact id: '28e648764a9911afba2bd0bdcf2388ca') in 0.010851 seconds
  Import took 0.012607 seconds .

========================================================================
Received Import Request.
  Time since last request: 0.000157 seconds.
  path: Assets/Course Library/_Source_Files/FBX/SM_Icon_SelectionRing_03.fbx
  artifactKey: Guid(64f14742378b85b4ba87441822264580) Importer(815301076,1909f56bfc062723c751e8b465ee728b)
Start importing Assets/Course Library/_Source_Files/FBX/SM_Icon_SelectionRing_03.fbx using Guid(64f14742378b85b4ba87441822264580) Importer(815301076,1909f56bfc062723c751e8b465ee728b)  -> (artifact id: '41666ba851f17fba4c7d0c5cb74ee701') in 0.014737 seconds
  Import took 0.016357 seconds .

========================================================================
Received Import Request.
  Time since last request: 0.000154 seconds.
  path: Assets/Course Library/_Source_Files/FBX/SM_Icon_Potion_02.fbx
  artifactKey: Guid(bbe7d787b124aa64481203efb7463c45) Importer(815301076,1909f56bfc062723c751e8b465ee728b)
Start importing Assets/Course Library/_Source_Files/FBX/SM_Icon_Potion_02.fbx using Guid(bbe7d787b124aa64481203efb7463c45) Importer(815301076,1909f56bfc062723c751e8b465ee728b)  -> (artifact id: '709f75832df4ba06714619be070ccb94') in 0.014978 seconds
  Import took 0.016716 seconds .

========================================================================
Received Import Request.
  Time since last request: 0.000173 seconds.
  path: Assets/Course Library/_Source_Files/FBX/SM_Tile_Cube_FloatingIsland_01.fbx
  artifactKey: Guid(8654e43d5b3a28d4f821bc6203abdf26) Importer(815301076,1909f56bfc062723c751e8b465ee728b)
Start importing Assets/Course Library/_Source_Files/FBX/SM_Tile_Cube_FloatingIsland_01.fbx using Guid(8654e43d5b3a28d4f821bc6203abdf26) Importer(815301076,1909f56bfc062723c751e8b465ee728b)  -> (artifact id: '00ce5d8f8264ac5d8b0150e8718e8fb1') in 0.015190 seconds
  Import took 0.017098 seconds .

========================================================================
Received Import Request.
  Time since last request: 0.000181 seconds.
  path: Assets/Course Library/_Source_Files/FBX/SM_Tile_Hex_FloatingIsland_01.fbx
  artifactKey: Guid(8878a37eb67ddac4ead51890a31d6a18) Importer(815301076,1909f56bfc062723c751e8b465ee728b)
Start importing Assets/Course Library/_Source_Files/FBX/SM_Tile_Hex_FloatingIsland_01.fbx using Guid(8878a37eb67ddac4ead51890a31d6a18) Importer(815301076,1909f56bfc062723c751e8b465ee728b)  -> (artifact id: 'c66613d200c7d7fe95396c01097883e8') in 0.010710 seconds
  Import took 0.012488 seconds .

========================================================================
Received Import Request.
  Time since last request: 0.000128 seconds.
  path: Assets/Course Library/_Source_Files/FBX/SI_GoldCupIcon.fbx
  artifactKey: Guid(823dde28ac754a14380d87d04313647b) Importer(815301076,1909f56bfc062723c751e8b465ee728b)
Start importing Assets/Course Library/_Source_Files/FBX/SI_GoldCupIcon.fbx using Guid(823dde28ac754a14380d87d04313647b) Importer(815301076,1909f56bfc062723c751e8b465ee728b)  -> (artifact id: '37cee79d6219f4f86a4622c95d62a508') in 0.015377 seconds
  Import took 0.016965 seconds .

========================================================================
Received Import Request.
  Time since last request: 0.000170 seconds.
  path: Assets/Course Library/_Source_Files/FBX/SM_Icon_Star_01.fbx
  artifactKey: Guid(f7ec8369cac1a7e4ab36747b35f91c24) Importer(815301076,1909f56bfc062723c751e8b465ee728b)
Start importing Assets/Course Library/_Source_Files/FBX/SM_Icon_Star_01.fbx using Guid(f7ec8369cac1a7e4ab36747b35f91c24) Importer(815301076,1909f56bfc062723c751e8b465ee728b)  -> (artifact id: 'c1337ccea6bb9505845a2f90b6d67ec1') in 0.015730 seconds
  Import took 0.017541 seconds .

========================================================================
Received Import Request.
  Time since last request: 8.133016 seconds.
  path: Assets/Course Library/Materials/PolygonPrototype_Texture_Grid_01.mat
  artifactKey: Guid(636d0bbcfca64cf488bb27c3837e6964) Importer(815301076,1909f56bfc062723c751e8b465ee728b)
Start importing Assets/Course Library/Materials/PolygonPrototype_Texture_Grid_01.mat using Guid(636d0bbcfca64cf488bb27c3837e6964) Importer(815301076,1909f56bfc062723c751e8b465ee728b)  -> (artifact id: '7702e652eba532b9840e9d79d4f0a598') in 0.024285 seconds
  Import took 0.026273 seconds .

========================================================================
Received Import Request.
  Time since last request: 0.000189 seconds.
  path: Assets/Course Library/Materials/PolygonPrototype_Texture_Grid_04.mat
  artifactKey: Guid(7de35779b6545ec439396b07cff494be) Importer(815301076,1909f56bfc062723c751e8b465ee728b)
Start importing Assets/Course Library/Materials/PolygonPrototype_Texture_Grid_04.mat using Guid(7de35779b6545ec439396b07cff494be) Importer(815301076,1909f56bfc062723c751e8b465ee728b)  -> (artifact id: '41f258e0d64696e029433db16c85b3b7') in 0.009010 seconds
  Import took 0.010679 seconds .

========================================================================
Received Import Request.
  Time since last request: 0.000168 seconds.
  path: Assets/Course Library/Materials/PolygonPrototype_Texture_Grid_03.mat
  artifactKey: Guid(f979e97b481273a45b21f8da95ed0480) Importer(815301076,1909f56bfc062723c751e8b465ee728b)
Start importing Assets/Course Library/Materials/PolygonPrototype_Texture_Grid_03.mat using Guid(f979e97b481273a45b21f8da95ed0480) Importer(815301076,1909f56bfc062723c751e8b465ee728b)  -> (artifact id: 'b72fdde01c81e602ac64520d867935b7') in 0.018225 seconds
  Import took 0.019771 seconds .

========================================================================
Received Import Request.
  Time since last request: 0.000149 seconds.
  path: Assets/Course Library/Materials/PolygonPrototype_Texture_Grid_07.mat
  artifactKey: Guid(cfcc407d169a84d4ca87c12c509a3b74) Importer(815301076,1909f56bfc062723c751e8b465ee728b)
Start importing Assets/Course Library/Materials/PolygonPrototype_Texture_Grid_07.mat using Guid(cfcc407d169a84d4ca87c12c509a3b74) Importer(815301076,1909f56bfc062723c751e8b465ee728b)  -> (artifact id: '0fa82a541c960a644742dc4d2c18c189') in 0.008792 seconds
  Import took 0.010571 seconds .

========================================================================
Received Import Request.
  Time since last request: 0.000154 seconds.
  path: Assets/Course Library/Materials/PolygonPrototype_Texture_Grid_02.mat
  artifactKey: Guid(abff3bd20f657d24fb186bd1f4c97ad8) Importer(815301076,1909f56bfc062723c751e8b465ee728b)
Start importing Assets/Course Library/Materials/PolygonPrototype_Texture_Grid_02.mat using Guid(abff3bd20f657d24fb186bd1f4c97ad8) Importer(815301076,1909f56bfc062723c751e8b465ee728b)  -> (artifact id: '35c1cf1338e7390c6a59747dc14f4b78') in 0.039521 seconds
  Import took 0.041068 seconds .

========================================================================
Received Import Request.
  Time since last request: 0.000186 seconds.
  path: Assets/Course Library/Materials/PolygonPrototype_Texture_Grid_06.mat
  artifactKey: Guid(94ca2fe99f8fddc4aa552a1844ee5470) Importer(815301076,1909f56bfc062723c751e8b465ee728b)
Start importing Assets/Course Library/Materials/PolygonPrototype_Texture_Grid_06.mat using Guid(94ca2fe99f8fddc4aa552a1844ee5470) Importer(815301076,1909f56bfc062723c751e8b465ee728b)  -> (artifact id: '333dddb80c9f9a273e57d5a471a1605c') in 0.033941 seconds
  Import took 0.035717 seconds .

========================================================================
Received Import Request.
  Time since last request: 0.000149 seconds.
  path: Assets/Course Library/Materials/PolygonPrototype_Texture_Grid_05.mat
  artifactKey: Guid(9ce19de5137158d4a90dffbcb36b297a) Importer(815301076,1909f56bfc062723c751e8b465ee728b)
Start importing Assets/Course Library/Materials/PolygonPrototype_Texture_Grid_05.mat using Guid(9ce19de5137158d4a90dffbcb36b297a) Importer(815301076,1909f56bfc062723c751e8b465ee728b)  -> (artifact id: 'f1e7c56a195dce8ccc163bb14fe890a1') in 0.018278 seconds
  Import took 0.019950 seconds .

========================================================================
Received Import Request.
  Time since last request: 0.001402 seconds.
  path: Assets/Course Library/Materials/PolygonPrototype_Texture_Grid_05.mat
  artifactKey: Guid(9ce19de5137158d4a90dffbcb36b297a) Importer(815301076,1909f56bfc062723c751e8b465ee728b)
Start importing Assets/Course Library/Materials/PolygonPrototype_Texture_Grid_05.mat using Guid(9ce19de5137158d4a90dffbcb36b297a) Importer(815301076,1909f56bfc062723c751e8b465ee728b)  -> (artifact id: 'f1e7c56a195dce8ccc163bb14fe890a1') in 0.008795 seconds
  Import took 0.010465 seconds .

========================================================================
Received Import Request.
  Time since last request: 37.379735 seconds.
  path: Assets/Course Library/_Source_Files/Textures/PolygonMinis_Texture_01.png
  artifactKey: Guid(65bf252a1d0243b40a63ee08ad703289) Importer(815301076,1909f56bfc062723c751e8b465ee728b)
Start importing Assets/Course Library/_Source_Files/Textures/PolygonMinis_Texture_01.png using Guid(65bf252a1d0243b40a63ee08ad703289) Importer(815301076,1909f56bfc062723c751e8b465ee728b)  -> (artifact id: '7cc2c44c7e7ee2db6179855b3e552e15') in 0.047468 seconds
  Import took 0.049364 seconds .

========================================================================
Received Import Request.
  Time since last request: 0.000181 seconds.
  path: Assets/Course Library/_Source_Files/Textures/SimpleIcons_Texture.png
  artifactKey: Guid(3e3e7739c37f6df4a9ac958352bdd251) Importer(815301076,1909f56bfc062723c751e8b465ee728b)
Start importing Assets/Course Library/_Source_Files/Textures/SimpleIcons_Texture.png using Guid(3e3e7739c37f6df4a9ac958352bdd251) Importer(815301076,1909f56bfc062723c751e8b465ee728b)  -> (artifact id: '8060af33f4bd46f298444bac8e4774a7') in 0.007835 seconds
  Import took 0.009504 seconds .

========================================================================
Received Import Request.
  Time since last request: 0.000150 seconds.
  path: Assets/Course Library/_Source_Files/Textures/PolygonPrototype_Texture_01.png
  artifactKey: Guid(86cb957541c7c8542a6306ffb82e6833) Importer(815301076,1909f56bfc062723c751e8b465ee728b)
Start importing Assets/Course Library/_Source_Files/Textures/PolygonPrototype_Texture_01.png using Guid(86cb957541c7c8542a6306ffb82e6833) Importer(815301076,1909f56bfc062723c751e8b465ee728b)  -> (artifact id: '9d43d4ea5e088ce57ce57c8ec2b49b94') in 0.014363 seconds
  Import took 0.015847 seconds .

========================================================================
Received Import Request.
  Time since last request: 0.000170 seconds.
  path: Assets/Course Library/_Source_Files/Textures/SimpleSky.png
  artifactKey: Guid(7bab9ac1487e10c40b9ed77d4c551e04) Importer(815301076,1909f56bfc062723c751e8b465ee728b)
Start importing Assets/Course Library/_Source_Files/Textures/SimpleSky.png using Guid(7bab9ac1487e10c40b9ed77d4c551e04) Importer(815301076,1909f56bfc062723c751e8b465ee728b)  -> (artifact id: 'c63a080c8813501a12e5404ab23ab8f0') in 0.008498 seconds
  Import took 0.009914 seconds .

========================================================================
Received Import Request.
  Time since last request: 0.000131 seconds.
  path: Assets/Course Library/_Source_Files/Textures/PolygonMinis_Texture_01_Purple.png
  artifactKey: Guid(9b654102de6ae3749a41941671a2cbe7) Importer(815301076,1909f56bfc062723c751e8b465ee728b)
Start importing Assets/Course Library/_Source_Files/Textures/PolygonMinis_Texture_01_Purple.png using Guid(9b654102de6ae3749a41941671a2cbe7) Importer(815301076,1909f56bfc062723c751e8b465ee728b)  -> (artifact id: '9698658f892f8ef0a7e956550854e33b') in 0.007572 seconds
  Import took 0.008991 seconds .

========================================================================
Received Import Request.
  Time since last request: 7.418935 seconds.
  path: Assets/Course Library/_Source_Files/Materials/PolygonMinis_Fantasy_01.mat
  artifactKey: Guid(a16b7b85a356b7d469067849a165dcff) Importer(815301076,1909f56bfc062723c751e8b465ee728b)
Start importing Assets/Course Library/_Source_Files/Materials/PolygonMinis_Fantasy_01.mat using Guid(a16b7b85a356b7d469067849a165dcff) Importer(815301076,1909f56bfc062723c751e8b465ee728b)  -> (artifact id: 'f5b49072d7e50820d4376fc5131aafd2') in 0.009329 seconds
  Import took 0.011410 seconds .

========================================================================
Received Import Request.
  Time since last request: 0.000186 seconds.
  path: Assets/Course Library/_Source_Files/Materials/SimpleSky.mat
  artifactKey: Guid(e68f77e240a7f8643b5cc4253dc37516) Importer(815301076,1909f56bfc062723c751e8b465ee728b)
Start importing Assets/Course Library/_Source_Files/Materials/SimpleSky.mat using Guid(e68f77e240a7f8643b5cc4253dc37516) Importer(815301076,1909f56bfc062723c751e8b465ee728b)  -> (artifact id: 'f61d7cd94996888ca1edb7384e36f58d') in 0.009184 seconds
  Import took 0.010820 seconds .

========================================================================
Received Import Request.
  Time since last request: 0.000153 seconds.
  path: Assets/Course Library/_Source_Files/Materials/PolygonPrototype_Texture_01.mat
  artifactKey: Guid(41680dad0f0243748b4e228f49a2e3c4) Importer(815301076,1909f56bfc062723c751e8b465ee728b)
Start importing Assets/Course Library/_Source_Files/Materials/PolygonPrototype_Texture_01.mat using Guid(41680dad0f0243748b4e228f49a2e3c4) Importer(815301076,1909f56bfc062723c751e8b465ee728b)  -> (artifact id: 'dd8735372861eb89441dff81b278149f') in 0.008989 seconds
  Import took 0.010404 seconds .

========================================================================
Received Import Request.
  Time since last request: 0.000138 seconds.
  path: Assets/Course Library/_Source_Files/Materials/SimpleIcons.mat
  artifactKey: Guid(9c0880e4cd8a8704e82b6940624b569a) Importer(815301076,1909f56bfc062723c751e8b465ee728b)
Start importing Assets/Course Library/_Source_Files/Materials/SimpleIcons.mat using Guid(9c0880e4cd8a8704e82b6940624b569a) Importer(815301076,1909f56bfc062723c751e8b465ee728b)  -> (artifact id: 'f56fc6d990c427d030666872ec36db42') in 0.009827 seconds
  Import took 0.011380 seconds .

========================================================================
Received Prepare
Registering precompiled user dll's ...
Registered in 0.000328 seconds.
Begin MonoManager ReloadAssembly
Native extension for WindowsStandalone target not found
Native extension for WebGL target not found
Refreshing native plugins compatible for Editor in 0.24 ms, found 0 plugins.
Preloading 0 native plugins for Editor in 0.00 ms.
Mono: successfully reloaded assembly
- Completed reload, in  0.597 seconds
Platform modules already initialized, skipping
Refreshing native plugins compatible for Editor in 0.25 ms, found 0 plugins.
Preloading 0 native plugins for Editor in 0.00 ms.
Unloading 1114 Unused Serialized files (Serialized files now loaded: 0)
System memory in use before: 63.7 MB.
System memory in use after: 63.7 MB.

Unloading 6 unused Assets to reduce memory usage. Loaded Objects now: 1614.
Total: 1.533300 ms (FindLiveObjects: 0.154100 ms CreateObjectMapping: 0.025600 ms MarkObjects: 1.302600 ms  DeleteObjects: 0.050200 ms)

========================================================================
Received Import Request.
  Time since last request: 296.766296 seconds.
  path: Assets/Course Library/Materials/PolygonPrototype_Texture_Grid_06.mat
  artifactKey: Guid(94ca2fe99f8fddc4aa552a1844ee5470) Importer(815301076,1909f56bfc062723c751e8b465ee728b)
Start importing Assets/Course Library/Materials/PolygonPrototype_Texture_Grid_06.mat using Guid(94ca2fe99f8fddc4aa552a1844ee5470) Importer(815301076,1909f56bfc062723c751e8b465ee728b)  -> (artifact id: 'efffd87856aaa283da57a77bb6bb049d') in 0.046684 seconds
  Import took 0.048562 seconds .

========================================================================
Received Import Request.
  Time since last request: 31.588262 seconds.
  path: Assets/Course Library/Materials/EnemyFastMaterial.mat
  artifactKey: Guid(5ceabf5c3788e724fac4b5f9ada398a7) Importer(815301076,1909f56bfc062723c751e8b465ee728b)
Start importing Assets/Course Library/Materials/EnemyFastMaterial.mat using Guid(5ceabf5c3788e724fac4b5f9ada398a7) Importer(815301076,1909f56bfc062723c751e8b465ee728b)  -> (artifact id: '2aabfb2f81bf1fa57af9d70125c4c0ee') in 0.009729 seconds
  Import took 0.011567 seconds .

========================================================================
Received Import Request.
  Time since last request: 36.000270 seconds.
  path: Assets/Prefabs/Enemy 1.prefab
  artifactKey: Guid(6206b05deb934964988e7a8cb874f7a0) Importer(815301076,1909f56bfc062723c751e8b465ee728b)
Start importing Assets/Prefabs/Enemy 1.prefab using Guid(6206b05deb934964988e7a8cb874f7a0) Importer(815301076,1909f56bfc062723c751e8b465ee728b)  -> (artifact id: '0dd026549c980f00d6fd9b8d52f159db') in 0.016302 seconds
  Import took 0.018217 seconds .

========================================================================
Received Import Request.
  Time since last request: 5.772476 seconds.
  path: Assets/Prefabs/EnemyFast.prefab
  artifactKey: Guid(6206b05deb934964988e7a8cb874f7a0) Importer(815301076,1909f56bfc062723c751e8b465ee728b)
Start importing Assets/Prefabs/EnemyFast.prefab using Guid(6206b05deb934964988e7a8cb874f7a0) Importer(815301076,1909f56bfc062723c751e8b465ee728b)  -> (artifact id: '043e1271cfc62dce9cddaa29c9d87b9e') in 0.008969 seconds
  Import took 0.011039 seconds .

========================================================================
Received Import Request.
  Time since last request: 9.243895 seconds.
  path: Assets/Course Library/Materials/EnemyFastMaterial.mat
  artifactKey: Guid(5ceabf5c3788e724fac4b5f9ada398a7) Importer(815301076,1909f56bfc062723c751e8b465ee728b)
Start importing Assets/Course Library/Materials/EnemyFastMaterial.mat using Guid(5ceabf5c3788e724fac4b5f9ada398a7) Importer(815301076,1909f56bfc062723c751e8b465ee728b)  -> (artifact id: '2d470dabb9cd285ef76bbe938ce72176') in 0.009377 seconds
  Import took 0.011275 seconds .

========================================================================
Received Import Request.
  Time since last request: 0.932977 seconds.
  path: Assets/Prefabs/EnemyFast.prefab
  artifactKey: Guid(6206b05deb934964988e7a8cb874f7a0) Importer(815301076,1909f56bfc062723c751e8b465ee728b)
Start importing Assets/Prefabs/EnemyFast.prefab using Guid(6206b05deb934964988e7a8cb874f7a0) Importer(815301076,1909f56bfc062723c751e8b465ee728b)  -> (artifact id: 'bbab2ab9f736d4cf08da5f7dab032f12') in 0.008574 seconds
  Import took 0.010527 seconds .

========================================================================
Received Import Request.
  Time since last request: 353.339417 seconds.
  path: Assets/BonusVersion_20210526.unity
  artifactKey: Guid(05dea5a3bd00a7c46845be2911f4d387) Importer(815301076,1909f56bfc062723c751e8b465ee728b)
Start importing Assets/BonusVersion_20210526.unity using Guid(05dea5a3bd00a7c46845be2911f4d387) Importer(815301076,1909f56bfc062723c751e8b465ee728b)  -> (artifact id: 'dd696180ff908046c32d63967a91d192') in 0.005688 seconds
  Import took 0.007771 seconds .

========================================================================
Received Prepare
Registering precompiled user dll's ...
Registered in 0.000349 seconds.
Begin MonoManager ReloadAssembly
Native extension for WindowsStandalone target not found
Native extension for WebGL target not found
Refreshing native plugins compatible for Editor in 0.24 ms, found 0 plugins.
Preloading 0 native plugins for Editor in 0.00 ms.
Mono: successfully reloaded assembly
- Completed reload, in  0.603 seconds
Platform modules already initialized, skipping
Refreshing native plugins compatible for Editor in 0.23 ms, found 0 plugins.
Preloading 0 native plugins for Editor in 0.00 ms.
Unloading 1114 Unused Serialized files (Serialized files now loaded: 0)
System memory in use before: 63.7 MB.
System memory in use after: 63.8 MB.

Unloading 6 unused Assets to reduce memory usage. Loaded Objects now: 1618.
Total: 1.700900 ms (FindLiveObjects: 0.147000 ms CreateObjectMapping: 0.025200 ms MarkObjects: 1.476200 ms  DeleteObjects: 0.051500 ms)

========================================================================
Received Import Request.
  Time since last request: 291.757525 seconds.
  path: Assets/Prefabs/EnemyFast.prefab
  artifactKey: Guid(6206b05deb934964988e7a8cb874f7a0) Importer(815301076,1909f56bfc062723c751e8b465ee728b)
Start importing Assets/Prefabs/EnemyFast.prefab using Guid(6206b05deb934964988e7a8cb874f7a0) Importer(815301076,1909f56bfc062723c751e8b465ee728b)  -> (artifact id: '16d9db319b50ead494ee8e5ea1304997') in 0.041213 seconds
  Import took 0.043169 seconds .

========================================================================
Received Prepare
Registering precompiled user dll's ...
Registered in 0.000381 seconds.
Begin MonoManager ReloadAssembly
Native extension for WindowsStandalone target not found
Native extension for WebGL target not found
Refreshing native plugins compatible for Editor in 0.23 ms, found 0 plugins.
Preloading 0 native plugins for Editor in 0.00 ms.
Mono: successfully reloaded assembly
- Completed reload, in  0.590 seconds
Platform modules already initialized, skipping
Refreshing native plugins compatible for Editor in 0.24 ms, found 0 plugins.
Preloading 0 native plugins for Editor in 0.00 ms.
Unloading 1114 Unused Serialized files (Serialized files now loaded: 0)
System memory in use before: 63.7 MB.
System memory in use after: 63.8 MB.

Unloading 5 unused Assets to reduce memory usage. Loaded Objects now: 1622.
Total: 1.498300 ms (FindLiveObjects: 0.155700 ms CreateObjectMapping: 0.029200 ms MarkObjects: 1.254200 ms  DeleteObjects: 0.058200 ms)

========================================================================
Received Import Request.
  Time since last request: 36.957459 seconds.
  path: Assets/Prefabs/EnemyFast.prefab
  artifactKey: Guid(6206b05deb934964988e7a8cb874f7a0) Importer(815301076,1909f56bfc062723c751e8b465ee728b)
Start importing Assets/Prefabs/EnemyFast.prefab using Guid(6206b05deb934964988e7a8cb874f7a0) Importer(815301076,1909f56bfc062723c751e8b465ee728b)  -> (artifact id: '2a03ed43b6e64f8b8c3d1b8c4c163a93') in 0.042182 seconds
  Import took 0.043994 seconds .

========================================================================
Received Prepare
Registering precompiled user dll's ...
Registered in 0.000340 seconds.
Begin MonoManager ReloadAssembly
Native extension for WindowsStandalone target not found
Native extension for WebGL target not found
Refreshing native plugins compatible for Editor in 0.23 ms, found 0 plugins.
Preloading 0 native plugins for Editor in 0.00 ms.
Mono: successfully reloaded assembly
- Completed reload, in  0.608 seconds
Platform modules already initialized, skipping
Refreshing native plugins compatible for Editor in 0.24 ms, found 0 plugins.
Preloading 0 native plugins for Editor in 0.00 ms.
Unloading 1114 Unused Serialized files (Serialized files now loaded: 0)
System memory in use before: 63.7 MB.
System memory in use after: 63.8 MB.

Unloading 5 unused Assets to reduce memory usage. Loaded Objects now: 1626.
Total: 1.499100 ms (FindLiveObjects: 0.190900 ms CreateObjectMapping: 0.049400 ms MarkObjects: 1.212100 ms  DeleteObjects: 0.046000 ms)

========================================================================
Received Prepare
Registering precompiled user dll's ...
Registered in 0.000338 seconds.
Begin MonoManager ReloadAssembly
Native extension for WindowsStandalone target not found
Native extension for WebGL target not found
Refreshing native plugins compatible for Editor in 0.23 ms, found 0 plugins.
Preloading 0 native plugins for Editor in 0.00 ms.
Mono: successfully reloaded assembly
- Completed reload, in  0.600 seconds
Platform modules already initialized, skipping
Refreshing native plugins compatible for Editor in 0.23 ms, found 0 plugins.
Preloading 0 native plugins for Editor in 0.00 ms.
Unloading 1114 Unused Serialized files (Serialized files now loaded: 0)
System memory in use before: 63.7 MB.
System memory in use after: 63.8 MB.

Unloading 5 unused Assets to reduce memory usage. Loaded Objects now: 1629.
Total: 1.661300 ms (FindLiveObjects: 0.140300 ms CreateObjectMapping: 0.025900 ms MarkObjects: 1.448600 ms  DeleteObjects: 0.045400 ms)

========================================================================
Received Import Request.
  Time since last request: 122.358877 seconds.
  path: Assets/Prefabs/PowerUp 1.prefab
  artifactKey: Guid(97c79aa539bda134d8a058a2569f9b01) Importer(815301076,1909f56bfc062723c751e8b465ee728b)
Start importing Assets/Prefabs/PowerUp 1.prefab using Guid(97c79aa539bda134d8a058a2569f9b01) Importer(815301076,1909f56bfc062723c751e8b465ee728b)  -> (artifact id: 'a2ace5ee07e1aa962cbd8dedd65da37a') in 0.047519 seconds
  Import took 0.049553 seconds .

========================================================================
Received Import Request.
  Time since last request: 19.335152 seconds.
  path: Assets/Prefabs/Shooting.prefab
  artifactKey: Guid(97c79aa539bda134d8a058a2569f9b01) Importer(815301076,1909f56bfc062723c751e8b465ee728b)
Start importing Assets/Prefabs/Shooting.prefab using Guid(97c79aa539bda134d8a058a2569f9b01) Importer(815301076,1909f56bfc062723c751e8b465ee728b)  -> (artifact id: 'd937474cfd60c7efc7c02a4444ad243a') in 0.010531 seconds
  Import took 0.012483 seconds .

========================================================================
Received Import Request.
  Time since last request: 68.117365 seconds.
  path: Assets/Course Library/_Source_Files/Materials/ShootingPower.mat
  artifactKey: Guid(90ee7c8bb85812449b2507d79764a09d) Importer(815301076,1909f56bfc062723c751e8b465ee728b)
Start importing Assets/Course Library/_Source_Files/Materials/ShootingPower.mat using Guid(90ee7c8bb85812449b2507d79764a09d) Importer(815301076,1909f56bfc062723c751e8b465ee728b)  -> (artifact id: '5f3291217426ea0d7eff63eb5327fdd2') in 0.019723 seconds
  Import took 0.021589 seconds .

========================================================================
Received Import Request.
  Time since last request: 202.278843 seconds.
  path: Assets/Prefabs/Shooting.prefab
  artifactKey: Guid(97c79aa539bda134d8a058a2569f9b01) Importer(815301076,1909f56bfc062723c751e8b465ee728b)
Start importing Assets/Prefabs/Shooting.prefab using Guid(97c79aa539bda134d8a058a2569f9b01) Importer(815301076,1909f56bfc062723c751e8b465ee728b)  -> (artifact id: 'b529d7021f220ddc42dfef8135510bb3') in 0.006784 seconds
  Import took 0.008695 seconds .

========================================================================
Received Prepare
Registering precompiled user dll's ...
Registered in 0.000336 seconds.
Begin MonoManager ReloadAssembly
Native extension for WindowsStandalone target not found
Native extension for WebGL target not found
Refreshing native plugins compatible for Editor in 0.23 ms, found 0 plugins.
Preloading 0 native plugins for Editor in 0.00 ms.
Mono: successfully reloaded assembly
- Completed reload, in  0.588 seconds
Platform modules already initialized, skipping
Refreshing native plugins compatible for Editor in 0.23 ms, found 0 plugins.
Preloading 0 native plugins for Editor in 0.00 ms.
Unloading 1114 Unused Serialized files (Serialized files now loaded: 0)
System memory in use before: 63.7 MB.
System memory in use after: 63.8 MB.

Unloading 5 unused Assets to reduce memory usage. Loaded Objects now: 1633.
Total: 1.540900 ms (FindLiveObjects: 0.150100 ms CreateObjectMapping: 0.027400 ms MarkObjects: 1.312300 ms  DeleteObjects: 0.050000 ms)

========================================================================
Received Import Request.
  Time since last request: 698.141283 seconds.
  path: Assets/Prefabs/Bullet.prefab
  artifactKey: Guid(7712d6f7b68f7234f89da7e0fe823b7b) Importer(815301076,1909f56bfc062723c751e8b465ee728b)
Start importing Assets/Prefabs/Bullet.prefab using Guid(7712d6f7b68f7234f89da7e0fe823b7b) Importer(815301076,1909f56bfc062723c751e8b465ee728b)  -> (artifact id: 'a2c7848eb9a62eb4f2422bd35c604075') in 0.045185 seconds
  Import took 0.047235 seconds .

========================================================================
Received Import Request.
  Time since last request: 0.000724 seconds.
  path: Assets/Prefabs/Bullet.prefab
  artifactKey: Guid(7712d6f7b68f7234f89da7e0fe823b7b) Importer(815301076,1909f56bfc062723c751e8b465ee728b)
Start importing Assets/Prefabs/Bullet.prefab using Guid(7712d6f7b68f7234f89da7e0fe823b7b) Importer(815301076,1909f56bfc062723c751e8b465ee728b)  -> (artifact id: 'a2c7848eb9a62eb4f2422bd35c604075') in 0.004875 seconds
  Import took 0.006483 seconds .

========================================================================
Received Import Request.
  Time since last request: 7.985965 seconds.
  path: ProjectSettings/TagManager.asset
  artifactKey: Guid(00000000000000003000000000000000) Importer(815301076,1909f56bfc062723c751e8b465ee728b)
Start importing ProjectSettings/TagManager.asset using Guid(00000000000000003000000000000000) Importer(815301076,1909f56bfc062723c751e8b465ee728b)  -> (artifact id: 'ba22f9558c7ca14644d7cb7c56a9fea0') in 0.006472 seconds
  Import took 0.008332 seconds .

========================================================================
Received Import Request.
  Time since last request: 15.836301 seconds.
  path: Assets/Prefabs/Bullet.prefab
  artifactKey: Guid(7712d6f7b68f7234f89da7e0fe823b7b) Importer(815301076,1909f56bfc062723c751e8b465ee728b)
Start importing Assets/Prefabs/Bullet.prefab using Guid(7712d6f7b68f7234f89da7e0fe823b7b) Importer(815301076,1909f56bfc062723c751e8b465ee728b)  -> (artifact id: 'f2186233a1570a47322f17ac11d0469b') in 0.005344 seconds
  Import took 0.007198 seconds .

========================================================================
Received Import Request.
  Time since last request: 12.707011 seconds.
  path: Assets/Prefabs/Bullet.prefab
  artifactKey: Guid(7712d6f7b68f7234f89da7e0fe823b7b) Importer(815301076,1909f56bfc062723c751e8b465ee728b)
Start importing Assets/Prefabs/Bullet.prefab using Guid(7712d6f7b68f7234f89da7e0fe823b7b) Importer(815301076,1909f56bfc062723c751e8b465ee728b)  -> (artifact id: '0773e1c9ddf591141643e01cf9c6f86b') in 0.005002 seconds
  Import took 0.006940 seconds .

========================================================================
Received Import Request.
  Time since last request: 66.744580 seconds.
  path: Assets/Scripts/Enemy.cs
  artifactKey: Guid(6c93857b55119e74c8517c95708f7e5f) Importer(815301076,1909f56bfc062723c751e8b465ee728b)
Start importing Assets/Scripts/Enemy.cs using Guid(6c93857b55119e74c8517c95708f7e5f) Importer(815301076,1909f56bfc062723c751e8b465ee728b)  -> (artifact id: '039e64f935d57d813c50cabe8751c8bb') in 0.003760 seconds
  Import took 0.005554 seconds .

========================================================================
Received Import Request.
  Time since last request: 0.522051 seconds.
  path: Assets/Scripts/PlayerController.cs
  artifactKey: Guid(11eb6dae5ec5e654bb30bbc4fe5b4bce) Importer(815301076,1909f56bfc062723c751e8b465ee728b)
Start importing Assets/Scripts/PlayerController.cs using Guid(11eb6dae5ec5e654bb30bbc4fe5b4bce) Importer(815301076,1909f56bfc062723c751e8b465ee728b)  -> (artifact id: '97c09a6b762b7c4dd38a045782da77e1') in 0.005043 seconds
  Import took 0.006988 seconds .

========================================================================
Received Import Request.
  Time since last request: 0.001883 seconds.
  path: Assets/Scripts/PlayerController.cs
  artifactKey: Guid(11eb6dae5ec5e654bb30bbc4fe5b4bce) Importer(815301076,1909f56bfc062723c751e8b465ee728b)
Start importing Assets/Scripts/PlayerController.cs using Guid(11eb6dae5ec5e654bb30bbc4fe5b4bce) Importer(815301076,1909f56bfc062723c751e8b465ee728b)  -> (artifact id: '97c09a6b762b7c4dd38a045782da77e1') in 0.001728 seconds
  Import took 0.003350 seconds .

========================================================================
Received Import Request.
  Time since last request: 0.786170 seconds.
  path: Assets/Scripts/SpawnManager.cs
  artifactKey: Guid(dcaf95f9bd6310f4a9ccbf1991af0615) Importer(815301076,1909f56bfc062723c751e8b465ee728b)
Start importing Assets/Scripts/SpawnManager.cs using Guid(dcaf95f9bd6310f4a9ccbf1991af0615) Importer(815301076,1909f56bfc062723c751e8b465ee728b)  -> (artifact id: '7bf4037aa502f5a9a637e6edd69b050c') in 0.005247 seconds
  Import took 0.007586 seconds .

========================================================================
Received Import Request.
  Time since last request: 0.001821 seconds.
  path: Assets/Scripts/SpawnManager.cs
  artifactKey: Guid(dcaf95f9bd6310f4a9ccbf1991af0615) Importer(815301076,1909f56bfc062723c751e8b465ee728b)
Start importing Assets/Scripts/SpawnManager.cs using Guid(dcaf95f9bd6310f4a9ccbf1991af0615) Importer(815301076,1909f56bfc062723c751e8b465ee728b)  -> (artifact id: '7bf4037aa502f5a9a637e6edd69b050c') in 0.001460 seconds
  Import took 0.002999 seconds .

========================================================================
Received Import Request.
  Time since last request: 36.786315 seconds.
  path: Assets/Prefabs/Bullet.prefab
  artifactKey: Guid(7712d6f7b68f7234f89da7e0fe823b7b) Importer(815301076,1909f56bfc062723c751e8b465ee728b)
Start importing Assets/Prefabs/Bullet.prefab using Guid(7712d6f7b68f7234f89da7e0fe823b7b) Importer(815301076,1909f56bfc062723c751e8b465ee728b)  -> (artifact id: '7e371332b7f25565631c6a6505d474cf') in 0.005383 seconds
  Import took 0.007215 seconds .

========================================================================
Received Import Request.
  Time since last request: 0.001599 seconds.
  path: Assets/Prefabs/Bullet.prefab
  artifactKey: Guid(7712d6f7b68f7234f89da7e0fe823b7b) Importer(815301076,1909f56bfc062723c751e8b465ee728b)
Start importing Assets/Prefabs/Bullet.prefab using Guid(7712d6f7b68f7234f89da7e0fe823b7b) Importer(815301076,1909f56bfc062723c751e8b465ee728b)  -> (artifact id: '7e371332b7f25565631c6a6505d474cf') in 0.004770 seconds
  Import took 0.006567 seconds .

========================================================================
Received Import Request.
  Time since last request: 6.748755 seconds.
  path: Assets/Prefabs/Bullet.prefab
  artifactKey: Guid(7712d6f7b68f7234f89da7e0fe823b7b) Importer(815301076,1909f56bfc062723c751e8b465ee728b)
Start importing Assets/Prefabs/Bullet.prefab using Guid(7712d6f7b68f7234f89da7e0fe823b7b) Importer(815301076,1909f56bfc062723c751e8b465ee728b)  -> (artifact id: 'ee640921d1ba0ac6e0dccfb643e5a9dc') in 0.004922 seconds
  Import took 0.006708 seconds .

========================================================================
Received Import Request.
  Time since last request: 135.703053 seconds.
  path: Assets/Scripts/ShootBullet.cs
  artifactKey: Guid(a2ece70f804101e4180adc0e618502b4) Importer(815301076,1909f56bfc062723c751e8b465ee728b)
Start importing Assets/Scripts/ShootBullet.cs using Guid(a2ece70f804101e4180adc0e618502b4) Importer(815301076,1909f56bfc062723c751e8b465ee728b)  -> (artifact id: 'dcabc1323010ef0f291146517f252fb6') in 0.004934 seconds
  Import took 0.006855 seconds .

========================================================================
Received Prepare
Registering precompiled user dll's ...
Registered in 0.000346 seconds.
Begin MonoManager ReloadAssembly
Native extension for WindowsStandalone target not found
Native extension for WebGL target not found
Refreshing native plugins compatible for Editor in 0.24 ms, found 0 plugins.
Preloading 0 native plugins for Editor in 0.00 ms.
Mono: successfully reloaded assembly
- Completed reload, in  0.611 seconds
Platform modules already initialized, skipping
Refreshing native plugins compatible for Editor in 0.25 ms, found 0 plugins.
Preloading 0 native plugins for Editor in 0.00 ms.
Unloading 1115 Unused Serialized files (Serialized files now loaded: 0)
System memory in use before: 63.8 MB.
System memory in use after: 63.9 MB.

Unloading 7 unused Assets to reduce memory usage. Loaded Objects now: 1639.
Total: 1.536100 ms (FindLiveObjects: 0.180600 ms CreateObjectMapping: 0.028700 ms MarkObjects: 1.269000 ms  DeleteObjects: 0.056500 ms)

========================================================================
Received Import Request.
  Time since last request: 23.300766 seconds.
  path: Assets/Prefabs/Bullet.prefab
  artifactKey: Guid(7712d6f7b68f7234f89da7e0fe823b7b) Importer(815301076,1909f56bfc062723c751e8b465ee728b)
Start importing Assets/Prefabs/Bullet.prefab using Guid(7712d6f7b68f7234f89da7e0fe823b7b) Importer(815301076,1909f56bfc062723c751e8b465ee728b)  -> (artifact id: 'b897940c95392d0b527e5ef5e8f65ed7') in 0.041839 seconds
  Import took 0.043770 seconds .

========================================================================
Received Import Request.
  Time since last request: 12.937062 seconds.
  path: Assets/Prefabs/Bullet.prefab
  artifactKey: Guid(7712d6f7b68f7234f89da7e0fe823b7b) Importer(815301076,1909f56bfc062723c751e8b465ee728b)
Start importing Assets/Prefabs/Bullet.prefab using Guid(7712d6f7b68f7234f89da7e0fe823b7b) Importer(815301076,1909f56bfc062723c751e8b465ee728b)  -> (artifact id: '1f2ee6b20e598ceecdae71e774c222ca') in 0.005209 seconds
  Import took 0.006970 seconds .

========================================================================
Received Prepare
Registering precompiled user dll's ...
Registered in 0.000418 seconds.
Begin MonoManager ReloadAssembly
Native extension for WindowsStandalone target not found
Native extension for WebGL target not found
Refreshing native plugins compatible for Editor in 0.36 ms, found 0 plugins.
Preloading 0 native plugins for Editor in 0.00 ms.
Mono: successfully reloaded assembly
- Completed reload, in  0.600 seconds
Platform modules already initialized, skipping
Refreshing native plugins compatible for Editor in 0.24 ms, found 0 plugins.
Preloading 0 native plugins for Editor in 0.00 ms.
Unloading 1115 Unused Serialized files (Serialized files now loaded: 0)
System memory in use before: 63.9 MB.
System memory in use after: 63.9 MB.

Unloading 6 unused Assets to reduce memory usage. Loaded Objects now: 1643.
Total: 1.736400 ms (FindLiveObjects: 0.151400 ms CreateObjectMapping: 0.027300 ms MarkObjects: 1.508100 ms  DeleteObjects: 0.048600 ms)

========================================================================
Received Prepare
Registering precompiled user dll's ...
Registered in 0.000394 seconds.
Begin MonoManager ReloadAssembly
Native extension for WindowsStandalone target not found
Native extension for WebGL target not found
Refreshing native plugins compatible for Editor in 0.26 ms, found 0 plugins.
Preloading 0 native plugins for Editor in 0.00 ms.
Mono: successfully reloaded assembly
- Completed reload, in  0.600 seconds
Platform modules already initialized, skipping
Refreshing native plugins compatible for Editor in 0.23 ms, found 0 plugins.
Preloading 0 native plugins for Editor in 0.00 ms.
Unloading 1115 Unused Serialized files (Serialized files now loaded: 0)
System memory in use before: 63.9 MB.
System memory in use after: 63.9 MB.

Unloading 5 unused Assets to reduce memory usage. Loaded Objects now: 1646.
Total: 1.535900 ms (FindLiveObjects: 0.153100 ms CreateObjectMapping: 0.026600 ms MarkObjects: 1.307300 ms  DeleteObjects: 0.048000 ms)

========================================================================
Received Import Request.
  Time since last request: 1459.558793 seconds.
  path: Assets/Scripts/ShootBullet.cs
  artifactKey: Guid(a2ece70f804101e4180adc0e618502b4) Importer(815301076,1909f56bfc062723c751e8b465ee728b)
Start importing Assets/Scripts/ShootBullet.cs using Guid(a2ece70f804101e4180adc0e618502b4) Importer(815301076,1909f56bfc062723c751e8b465ee728b)  -> (artifact id: '5a3cff4b00681aaeab14fc533e8d82e2') in 0.002889 seconds
  Import took 0.004444 seconds .

========================================================================
Received Prepare
Registering precompiled user dll's ...
Registered in 0.000380 seconds.
Begin MonoManager ReloadAssembly
Native extension for WindowsStandalone target not found
Native extension for WebGL target not found
Refreshing native plugins compatible for Editor in 0.28 ms, found 0 plugins.
Preloading 0 native plugins for Editor in 0.00 ms.
Mono: successfully reloaded assembly
- Completed reload, in  0.612 seconds
Platform modules already initialized, skipping
Refreshing native plugins compatible for Editor in 0.24 ms, found 0 plugins.
Preloading 0 native plugins for Editor in 0.00 ms.
Unloading 1115 Unused Serialized files (Serialized files now loaded: 0)
System memory in use before: 63.9 MB.
System memory in use after: 63.9 MB.

Unloading 5 unused Assets to reduce memory usage. Loaded Objects now: 1649.
Total: 1.709700 ms (FindLiveObjects: 0.148600 ms CreateObjectMapping: 0.024800 ms MarkObjects: 1.481600 ms  DeleteObjects: 0.053700 ms)

AssetImportWorkerClient::OnTransportError - code=2 error=End of file
